[I 2023-11-28 16:07:05,276] Trial 86 finished with value: inf and parameters: {'model_name': 'GAIN', 'batch_size': 97, 'hint_rate': 0.5800000000000001, 'alpha': 46, 'iterations': 196}. Best is trial 0 with value: inf.
[I 2023-11-28 16:07:05,480] Trial 95 finished with value: inf and parameters: {'model_name': 'GAIN', 'batch_size': 95, 'hint_rate': 0.51, 'alpha': 58, 'iterations': 218}. Best is trial 0 with value: inf.
[I 2023-11-28 16:07:05,491] Trial 106 finished with value: inf and parameters: {'model_name': 'GAIN', 'batch_size': 89, 'hint_rate': 0.53, 'alpha': 7, 'iterations': 270}. Best is trial 0 with value: inf.
[I 2023-11-28 16:07:05,856] Trial 104 finished with value: inf and parameters: {'model_name': 'GAIN', 'batch_size': 113, 'hint_rate': 0.52, 'alpha': 36, 'iterations': 251}. Best is trial 0 with value: inf.
[I 2023-11-28 16:07:06,009] Trial 99 finished with value: inf and parameters: {'model_name': 'GAIN', 'batch_size': 102, 'hint_rate': 0.53, 'alpha': 36, 'iterations': 254}. Best is trial 0 with value: inf.
[I 2023-11-28 16:07:06,164] Trial 88 finished with value: inf and parameters: {'model_name': 'GAIN', 'batch_size': 96, 'hint_rate': 0.51, 'alpha': 47, 'iterations': 253}. Best is trial 0 with value: inf.
[I 2023-11-28 16:07:06,336] Trial 108 finished with value: inf and parameters: {'model_name': 'GAIN', 'batch_size': 87, 'hint_rate': 0.54, 'alpha': 58, 'iterations': 227}. Best is trial 0 with value: inf.
[I 2023-11-28 16:07:06,490] Trial 93 finished with value: inf and parameters: {'model_name': 'GAIN', 'batch_size': 2, 'hint_rate': 0.5, 'alpha': 6, 'iterations': 342}. Best is trial 0 with value: inf.
[I 2023-11-28 16:07:06,654] Trial 92 finished with value: inf and parameters: {'model_name': 'GAIN', 'batch_size': 108, 'hint_rate': 0.5, 'alpha': 6, 'iterations': 268}. Best is trial 0 with value: inf.
[I 2023-11-28 16:07:06,874] Trial 102 finished with value: inf and parameters: {'model_name': 'GAIN', 'batch_size': 2, 'hint_rate': 0.52, 'alpha': 57, 'iterations': 287}. Best is trial 0 with value: inf.
[I 2023-11-28 16:07:07,040] Trial 90 finished with value: inf and parameters: {'model_name': 'GAIN', 'batch_size': 79, 'hint_rate': 0.51, 'alpha': 5, 'iterations': 259}. Best is trial 0 with value: inf.
[I 2023-11-28 16:07:07,266] Trial 107 finished with value: inf and parameters: {'model_name': 'GAIN', 'batch_size': 118, 'hint_rate': 0.53, 'alpha': 47, 'iterations': 272}. Best is trial 0 with value: inf.
[I 2023-11-28 16:07:07,420] Trial 97 finished with value: inf and parameters: {'model_name': 'GAIN', 'batch_size': 103, 'hint_rate': 0.49, 'alpha': 57, 'iterations': 301}. Best is trial 0 with value: inf.
[I 2023-11-28 16:07:07,629] Trial 109 finished with value: inf and parameters: {'model_name': 'GAIN', 'batch_size': 1, 'hint_rate': 0.47000000000000003, 'alpha': 47, 'iterations': 303}. Best is trial 0 with value: inf.
[I 2023-11-28 16:07:07,864] Trial 80 finished with value: inf and parameters: {'model_name': 'GAIN', 'batch_size': 95, 'hint_rate': 0.51, 'alpha': 57, 'iterations': 228}. Best is trial 0 with value: inf.
[I 2023-11-28 16:07:08,020] Trial 118 finished with value: inf and parameters: {'model_name': 'GAIN', 'batch_size': 171, 'hint_rate': 0.34, 'alpha': 0, 'iterations': 22}. Best is trial 0 with value: inf.
[I 2023-11-28 16:07:08,182] Trial 115 finished with value: inf and parameters: {'model_name': 'GAIN', 'batch_size': 161, 'hint_rate': 0.34, 'alpha': 35, 'iterations': 25}. Best is trial 0 with value: inf.
[I 2023-11-28 16:07:08,367] Trial 120 finished with value: inf and parameters: {'model_name': 'GAIN', 'batch_size': 15, 'hint_rate': 0.34, 'alpha': 86, 'iterations': 28}. Best is trial 0 with value: inf.
[I 2023-11-28 16:07:08,596] Trial 121 finished with value: inf and parameters: {'model_name': 'GAIN', 'batch_size': 38, 'hint_rate': 0.35000000000000003, 'alpha': 85, 'iterations': 28}. Best is trial 0 with value: inf.
[I 2023-11-28 16:07:08,771] Trial 70 finished with value: inf and parameters: {'model_name': 'GAIN', 'batch_size': 8, 'hint_rate': 0.52, 'alpha': 56, 'iterations': 226}. Best is trial 0 with value: inf.
[I 2023-11-28 16:07:09,028] Trial 111 finished with value: inf and parameters: {'model_name': 'GAIN', 'batch_size': 2, 'hint_rate': 0.85, 'alpha': 37, 'iterations': 599}. Best is trial 0 with value: inf.
[I 2023-11-28 16:07:09,204] Trial 117 finished with value: inf and parameters: {'model_name': 'GAIN', 'batch_size': 36, 'hint_rate': 0.34, 'alpha': 96, 'iterations': 29}. Best is trial 0 with value: inf.
[I 2023-11-28 16:07:09,354] Trial 133 finished with value: inf and parameters: {'model_name': 'GAIN', 'batch_size': 465, 'hint_rate': 0.36000000000000004, 'alpha': 84, 'iterations': 25}. Best is trial 0 with value: inf.
[I 2023-11-28 16:07:09,572] Trial 128 finished with value: inf and parameters: {'model_name': 'GAIN', 'batch_size': 11, 'hint_rate': 0.34, 'alpha': 86, 'iterations': 26}. Best is trial 0 with value: inf.
[I 2023-11-28 16:07:09,750] Trial 129 finished with value: inf and parameters: {'model_name': 'GAIN', 'batch_size': 436, 'hint_rate': 0.85, 'alpha': 97, 'iterations': 22}. Best is trial 0 with value: inf.
[I 2023-11-28 16:07:09,920] Trial 113 finished with value: inf and parameters: {'model_name': 'GAIN', 'batch_size': 183, 'hint_rate': 0.8400000000000001, 'alpha': 84, 'iterations': 49}. Best is trial 0 with value: inf.
[I 2023-11-28 16:07:10,140] Trial 127 finished with value: inf and parameters: {'model_name': 'GAIN', 'batch_size': 432, 'hint_rate': 0.8400000000000001, 'alpha': 97, 'iterations': 28}. Best is trial 0 with value: inf.
[I 2023-11-28 16:07:10,330] Trial 112 finished with value: inf and parameters: {'model_name': 'GAIN', 'batch_size': 2, 'hint_rate': 0.36000000000000004, 'alpha': 35, 'iterations': 631}. Best is trial 0 with value: inf.
[I 2023-11-28 16:07:10,498] Trial 130 finished with value: inf and parameters: {'model_name': 'GAIN', 'batch_size': 525, 'hint_rate': 0.35000000000000003, 'alpha': 84, 'iterations': 26}. Best is trial 0 with value: inf.
[I 2023-11-28 16:07:10,678] Trial 116 finished with value: inf and parameters: {'model_name': 'GAIN', 'batch_size': 187, 'hint_rate': 0.33, 'alpha': 3, 'iterations': 50}. Best is trial 0 with value: inf.
[I 2023-11-28 16:07:10,851] Trial 119 finished with value: inf and parameters: {'model_name': 'GAIN', 'batch_size': 10, 'hint_rate': 0.33, 'alpha': 98, 'iterations': 48}. Best is trial 0 with value: inf.
[I 2023-11-28 16:07:11,082] Trial 126 finished with value: inf and parameters: {'model_name': 'GAIN', 'batch_size': 481, 'hint_rate': 0.33, 'alpha': 84, 'iterations': 22}. Best is trial 0 with value: inf.
[I 2023-11-28 16:07:11,248] Trial 125 finished with value: inf and parameters: {'model_name': 'GAIN', 'batch_size': 242, 'hint_rate': 0.33, 'alpha': 84, 'iterations': 28}. Best is trial 0 with value: inf.
[I 2023-11-28 16:07:11,409] Trial 144 finished with value: inf and parameters: {'model_name': 'GAIN', 'batch_size': 192, 'hint_rate': 0.35000000000000003, 'alpha': 96, 'iterations': 26}. Best is trial 0 with value: inf.
[I 2023-11-28 16:07:11,569] Trial 114 finished with value: inf and parameters: {'model_name': 'GAIN', 'batch_size': 15, 'hint_rate': 0.8400000000000001, 'alpha': 84, 'iterations': 51}. Best is trial 0 with value: inf.
[I 2023-11-28 16:07:11,749] Trial 135 finished with value: inf and parameters: {'model_name': 'GAIN', 'batch_size': 187, 'hint_rate': 0.34, 'alpha': 84, 'iterations': 26}. Best is trial 0 with value: inf.
[I 2023-11-28 16:07:11,949] Trial 134 finished with value: inf and parameters: {'model_name': 'GAIN', 'batch_size': 481, 'hint_rate': 0.34, 'alpha': 83, 'iterations': 23}. Best is trial 0 with value: inf.
[I 2023-11-28 16:07:12,101] Trial 124 finished with value: inf and parameters: {'model_name': 'GAIN', 'batch_size': 34, 'hint_rate': 0.32, 'alpha': 85, 'iterations': 34}. Best is trial 0 with value: inf.
[I 2023-11-28 16:07:12,282] Trial 141 finished with value: inf and parameters: {'model_name': 'GAIN', 'batch_size': 418, 'hint_rate': 0.33, 'alpha': 84, 'iterations': 28}. Best is trial 0 with value: inf.
[I 2023-11-28 16:07:12,443] Trial 131 finished with value: inf and parameters: {'model_name': 'GAIN', 'batch_size': 462, 'hint_rate': 0.8400000000000001, 'alpha': 96, 'iterations': 48}. Best is trial 0 with value: inf.
[I 2023-11-28 16:07:12,609] Trial 132 finished with value: inf and parameters: {'model_name': 'GAIN', 'batch_size': 485, 'hint_rate': 0.33, 'alpha': 84, 'iterations': 30}. Best is trial 0 with value: inf.
[I 2023-11-28 16:07:12,798] Trial 138 finished with value: inf and parameters: {'model_name': 'GAIN', 'batch_size': 277, 'hint_rate': 0.8200000000000001, 'alpha': 99, 'iterations': 41}. Best is trial 0 with value: inf.
[I 2023-11-28 16:07:13,020] Trial 139 finished with value: inf and parameters: {'model_name': 'GAIN', 'batch_size': 457, 'hint_rate': 0.33, 'alpha': 99, 'iterations': 27}. Best is trial 0 with value: inf.
[I 2023-11-28 16:07:13,193] Trial 150 finished with value: inf and parameters: {'model_name': 'GAIN', 'batch_size': 389, 'hint_rate': 0.35000000000000003, 'alpha': 0, 'iterations': 44}. Best is trial 0 with value: inf.
[I 2023-11-28 16:07:13,352] Trial 137 finished with value: inf and parameters: {'model_name': 'GAIN', 'batch_size': 519, 'hint_rate': 0.35000000000000003, 'alpha': 84, 'iterations': 27}. Best is trial 0 with value: inf.
[I 2023-11-28 16:07:13,538] Trial 110 finished with value: inf and parameters: {'model_name': 'GAIN', 'batch_size': 1, 'hint_rate': 0.88, 'alpha': 47, 'iterations': 320}. Best is trial 0 with value: inf.
[I 2023-11-28 16:07:13,741] Trial 136 finished with value: inf and parameters: {'model_name': 'GAIN', 'batch_size': 39, 'hint_rate': 0.34, 'alpha': 96, 'iterations': 31}. Best is trial 0 with value: inf.
[I 2023-11-28 16:07:13,902] Trial 148 finished with value: inf and parameters: {'model_name': 'GAIN', 'batch_size': 265, 'hint_rate': 0.8300000000000001, 'alpha': 0, 'iterations': 25}. Best is trial 0 with value: inf.
[I 2023-11-28 16:07:14,092] Trial 142 finished with value: inf and parameters: {'model_name': 'GAIN', 'batch_size': 436, 'hint_rate': 0.8300000000000001, 'alpha': 97, 'iterations': 27}. Best is trial 0 with value: inf.
[I 2023-11-28 16:07:14,271] Trial 145 finished with value: inf and parameters: {'model_name': 'GAIN', 'batch_size': 274, 'hint_rate': 0.34, 'alpha': 85, 'iterations': 29}. Best is trial 0 with value: inf.
[I 2023-11-28 16:07:14,464] Trial 147 finished with value: inf and parameters: {'model_name': 'GAIN', 'batch_size': 288, 'hint_rate': 0.8300000000000001, 'alpha': 95, 'iterations': 28}. Best is trial 0 with value: inf.
[I 2023-11-28 16:07:14,624] Trial 154 finished with value: inf and parameters: {'model_name': 'GAIN', 'batch_size': 325, 'hint_rate': 0.8300000000000001, 'alpha': 96, 'iterations': 48}. Best is trial 0 with value: inf.
[I 2023-11-28 16:07:14,782] Trial 140 finished with value: inf and parameters: {'model_name': 'GAIN', 'batch_size': 283, 'hint_rate': 0.32, 'alpha': 96, 'iterations': 24}. Best is trial 0 with value: inf.
[I 2023-11-28 16:07:14,956] Trial 122 finished with value: inf and parameters: {'model_name': 'GAIN', 'batch_size': 10, 'hint_rate': 0.33, 'alpha': 83, 'iterations': 30}. Best is trial 0 with value: inf.
[I 2023-11-28 16:07:15,119] Trial 149 finished with value: inf and parameters: {'model_name': 'GAIN', 'batch_size': 409, 'hint_rate': 0.34, 'alpha': 84, 'iterations': 25}. Best is trial 0 with value: inf.
[I 2023-11-28 16:07:15,283] Trial 158 finished with value: inf and parameters: {'model_name': 'GAIN', 'batch_size': 11, 'hint_rate': 0.67, 'alpha': 77, 'iterations': 52}. Best is trial 0 with value: inf.
[I 2023-11-28 16:07:15,515] Trial 146 finished with value: inf and parameters: {'model_name': 'GAIN', 'batch_size': 469, 'hint_rate': 0.8300000000000001, 'alpha': 85, 'iterations': 27}. Best is trial 0 with value: inf.
[I 2023-11-28 16:07:15,681] Trial 159 finished with value: inf and parameters: {'model_name': 'GAIN', 'batch_size': 318, 'hint_rate': 0.74, 'alpha': 76, 'iterations': 40}. Best is trial 0 with value: inf.
[I 2023-11-28 16:07:15,881] Trial 157 finished with value: inf and parameters: {'model_name': 'GAIN', 'batch_size': 397, 'hint_rate': 0.7000000000000001, 'alpha': 95, 'iterations': 49}. Best is trial 0 with value: inf.
[I 2023-11-28 16:07:16,037] Trial 123 finished with value: inf and parameters: {'model_name': 'GAIN', 'batch_size': 11, 'hint_rate': 0.3, 'alpha': 84, 'iterations': 30}. Best is trial 0 with value: inf.
[I 2023-11-28 16:07:16,214] Trial 161 finished with value: inf and parameters: {'model_name': 'GAIN', 'batch_size': 294, 'hint_rate': 0.68, 'alpha': 78, 'iterations': 11}. Best is trial 0 with value: inf.
[I 2023-11-28 16:07:16,215] Trial 162 finished with value: inf and parameters: {'model_name': 'GAIN', 'batch_size': 279, 'hint_rate': 0.68, 'alpha': 19, 'iterations': 776}. Best is trial 0 with value: inf.
[I 2023-11-28 16:07:16,517] Trial 164 finished with value: inf and parameters: {'model_name': 'GAIN', 'batch_size': 330, 'hint_rate': 0.68, 'alpha': 10, 'iterations': 13}. Best is trial 0 with value: inf.
[I 2023-11-28 16:07:16,749] Trial 156 finished with value: inf and parameters: {'model_name': 'GAIN', 'batch_size': 394, 'hint_rate': 0.8300000000000001, 'alpha': 99, 'iterations': 48}. Best is trial 0 with value: inf.
[I 2023-11-28 16:07:16,909] Trial 153 finished with value: inf and parameters: {'model_name': 'GAIN', 'batch_size': 11, 'hint_rate': 0.85, 'alpha': 96, 'iterations': 45}. Best is trial 0 with value: inf.
[I 2023-11-28 16:07:17,065] Trial 165 finished with value: inf and parameters: {'model_name': 'GAIN', 'batch_size': 311, 'hint_rate': 0.6900000000000001, 'alpha': 10, 'iterations': 12}. Best is trial 0 with value: inf.
[I 2023-11-28 16:07:17,235] Trial 151 finished with value: inf and parameters: {'model_name': 'GAIN', 'batch_size': 10, 'hint_rate': 0.8300000000000001, 'alpha': 96, 'iterations': 39}. Best is trial 0 with value: inf.
[I 2023-11-28 16:07:17,414] Trial 170 finished with value: inf and parameters: {'model_name': 'GAIN', 'batch_size': 317, 'hint_rate': 0.66, 'alpha': 10, 'iterations': 16}. Best is trial 0 with value: inf.
[I 2023-11-28 16:07:17,597] Trial 152 finished with value: inf and parameters: {'model_name': 'GAIN', 'batch_size': 459, 'hint_rate': 0.86, 'alpha': 100, 'iterations': 49}. Best is trial 0 with value: inf.
[I 2023-11-28 16:07:17,876] Trial 160 finished with value: inf and parameters: {'model_name': 'GAIN', 'batch_size': 280, 'hint_rate': 0.7000000000000001, 'alpha': 78, 'iterations': 43}. Best is trial 0 with value: inf.
[I 2023-11-28 16:07:18,069] Trial 178 finished with value: inf and parameters: {'model_name': 'GAIN', 'batch_size': 5, 'hint_rate': 0.67, 'alpha': 18, 'iterations': 14}. Best is trial 0 with value: inf.
[I 2023-11-28 16:07:18,219] Trial 167 finished with value: inf and parameters: {'model_name': 'GAIN', 'batch_size': 353, 'hint_rate': 0.68, 'alpha': 10, 'iterations': 142}. Best is trial 0 with value: inf.
[I 2023-11-28 16:07:18,408] Trial 169 finished with value: inf and parameters: {'model_name': 'GAIN', 'batch_size': 382, 'hint_rate': 0.67, 'alpha': 17, 'iterations': 12}. Best is trial 0 with value: inf.
[I 2023-11-28 16:07:18,588] Trial 181 finished with value: inf and parameters: {'model_name': 'GAIN', 'batch_size': 69, 'hint_rate': 0.7000000000000001, 'alpha': 11, 'iterations': 77}. Best is trial 0 with value: inf.
[I 2023-11-28 16:07:18,595] Trial 166 finished with value: inf and parameters: {'model_name': 'GAIN', 'batch_size': 279, 'hint_rate': 0.7100000000000001, 'alpha': 77, 'iterations': 13}. Best is trial 0 with value: inf.
[I 2023-11-28 16:07:18,595] Trial 173 finished with value: inf and parameters: {'model_name': 'GAIN', 'batch_size': 18, 'hint_rate': 0.6900000000000001, 'alpha': 77, 'iterations': 14}. Best is trial 0 with value: inf.
[I 2023-11-28 16:07:18,925] Trial 171 finished with value: inf and parameters: {'model_name': 'GAIN', 'batch_size': 324, 'hint_rate': 0.68, 'alpha': 12, 'iterations': 1341}. Best is trial 0 with value: inf.
[I 2023-11-28 16:07:19,270] Trial 175 finished with value: inf and parameters: {'model_name': 'GAIN', 'batch_size': 13, 'hint_rate': 0.7100000000000001, 'alpha': 10, 'iterations': 13}. Best is trial 0 with value: inf.
[I 2023-11-28 16:07:19,469] Trial 179 finished with value: inf and parameters: {'model_name': 'GAIN', 'batch_size': 51, 'hint_rate': 0.67, 'alpha': 79, 'iterations': 10}. Best is trial 0 with value: inf.
[I 2023-11-28 16:07:19,632] Trial 172 finished with value: inf and parameters: {'model_name': 'GAIN', 'batch_size': 9, 'hint_rate': 0.7000000000000001, 'alpha': 11, 'iterations': 13}. Best is trial 0 with value: inf.
[I 2023-11-28 16:07:19,804] Trial 143 finished with value: inf and parameters: {'model_name': 'GAIN', 'batch_size': 441, 'hint_rate': 0.33, 'alpha': 98, 'iterations': 28}. Best is trial 0 with value: inf.
[I 2023-11-28 16:07:19,993] Trial 183 finished with value: inf and parameters: {'model_name': 'GAIN', 'batch_size': 315, 'hint_rate': 0.7000000000000001, 'alpha': 10, 'iterations': 14}. Best is trial 0 with value: inf.
[I 2023-11-28 16:07:20,144] Trial 192 finished with value: inf and parameters: {'model_name': 'GAIN', 'batch_size': 25, 'hint_rate': 0.09999999999999999, 'alpha': 10, 'iterations': 17}. Best is trial 0 with value: inf.
[I 2023-11-28 16:07:20,328] Trial 180 finished with value: inf and parameters: {'model_name': 'GAIN', 'batch_size': 328, 'hint_rate': 0.68, 'alpha': 10, 'iterations': 12}. Best is trial 0 with value: inf.
[I 2023-11-28 16:07:20,502] Trial 188 finished with value: inf and parameters: {'model_name': 'GAIN', 'batch_size': 58, 'hint_rate': 0.68, 'alpha': 19, 'iterations': 14}. Best is trial 0 with value: inf.
[I 2023-11-28 16:07:20,705] Trial 155 finished with value: inf and parameters: {'model_name': 'GAIN', 'batch_size': 397, 'hint_rate': 0.81, 'alpha': 96, 'iterations': 50}. Best is trial 0 with value: inf.
[I 2023-11-28 16:07:20,860] Trial 177 finished with value: inf and parameters: {'model_name': 'GAIN', 'batch_size': 299, 'hint_rate': 0.7000000000000001, 'alpha': 10, 'iterations': 15}. Best is trial 0 with value: inf.
[I 2023-11-28 16:07:21,033] Trial 198 finished with value: inf and parameters: {'model_name': 'GAIN', 'batch_size': 23, 'hint_rate': 0.08, 'alpha': 90, 'iterations': 134}. Best is trial 0 with value: inf.
[I 2023-11-28 16:07:21,202] Trial 186 finished with value: inf and parameters: {'model_name': 'GAIN', 'batch_size': 62, 'hint_rate': 0.7100000000000001, 'alpha': 11, 'iterations': 13}. Best is trial 0 with value: inf.
[I 2023-11-28 16:07:21,356] Trial 194 finished with value: inf and parameters: {'model_name': 'GAIN', 'batch_size': 55, 'hint_rate': 0.08, 'alpha': 89, 'iterations': 18}. Best is trial 0 with value: inf.
[I 2023-11-28 16:07:21,512] Trial 176 finished with value: inf and parameters: {'model_name': 'GAIN', 'batch_size': 12, 'hint_rate': 0.7000000000000001, 'alpha': 13, 'iterations': 14}. Best is trial 0 with value: inf.
[I 2023-11-28 16:07:21,680] Trial 168 finished with value: inf and parameters: {'model_name': 'GAIN', 'batch_size': 327, 'hint_rate': 0.7000000000000001, 'alpha': 12, 'iterations': 12}. Best is trial 0 with value: inf.
[I 2023-11-28 16:07:21,871] Trial 184 finished with value: inf and parameters: {'model_name': 'GAIN', 'batch_size': 335, 'hint_rate': 0.7100000000000001, 'alpha': 10, 'iterations': 13}. Best is trial 0 with value: inf.
[I 2023-11-28 16:07:22,051] Trial 187 finished with value: inf and parameters: {'model_name': 'GAIN', 'batch_size': 44, 'hint_rate': 0.7000000000000001, 'alpha': 10, 'iterations': 15}. Best is trial 0 with value: inf.
[I 2023-11-28 16:07:22,208] Trial 182 finished with value: inf and parameters: {'model_name': 'GAIN', 'batch_size': 52, 'hint_rate': 0.68, 'alpha': 79, 'iterations': 12}. Best is trial 0 with value: inf.
[I 2023-11-28 16:07:22,373] Trial 193 finished with value: inf and parameters: {'model_name': 'GAIN', 'batch_size': 59, 'hint_rate': 0.09, 'alpha': 90, 'iterations': 72}. Best is trial 0 with value: inf.
[I 2023-11-28 16:07:22,527] Trial 174 finished with value: inf and parameters: {'model_name': 'GAIN', 'batch_size': 13, 'hint_rate': 0.68, 'alpha': 10, 'iterations': 13}. Best is trial 0 with value: inf.
[I 2023-11-28 16:07:22,692] Trial 197 finished with value: inf and parameters: {'model_name': 'GAIN', 'batch_size': 61, 'hint_rate': 0.09999999999999999, 'alpha': 80, 'iterations': 146}. Best is trial 0 with value: inf.
[I 2023-11-28 16:07:22,702] Trial 185 finished with value: inf and parameters: {'model_name': 'GAIN', 'batch_size': 60, 'hint_rate': 0.75, 'alpha': 89, 'iterations': 13}. Best is trial 0 with value: inf.
[I 2023-11-28 16:07:23,008] Trial 199 finished with value: inf and parameters: {'model_name': 'GAIN', 'batch_size': 49, 'hint_rate': 0.09999999999999999, 'alpha': 90, 'iterations': 1097}. Best is trial 0 with value: inf.
[I 2023-11-28 16:07:23,161] Trial 191 finished with value: inf and parameters: {'model_name': 'GAIN', 'batch_size': 55, 'hint_rate': 0.09999999999999999, 'alpha': 10, 'iterations': 15}. Best is trial 0 with value: inf.
[I 2023-11-28 16:07:23,309] Trial 189 finished with value: inf and parameters: {'model_name': 'GAIN', 'batch_size': 50, 'hint_rate': 0.75, 'alpha': 10, 'iterations': 13}. Best is trial 0 with value: inf.
[I 2023-11-28 16:07:23,479] Trial 163 finished with value: inf and parameters: {'model_name': 'GAIN', 'batch_size': 278, 'hint_rate': 0.67, 'alpha': 10, 'iterations': 12}. Best is trial 0 with value: inf.
[I 2023-11-28 16:07:23,723] Trial 190 finished with value: inf and parameters: {'model_name': 'GAIN', 'batch_size': 51, 'hint_rate': 0.12, 'alpha': 18, 'iterations': 79}. Best is trial 0 with value: inf.
