/cm/local/apps/slurm/var/spool/job417837/slurm_script: line 19: /common/ketrong/minconda3/etc/profile.d/conda.sh: No such file or directory
/cm/local/apps/slurm/var/spool/job417837/slurm_script: line 22: $'\nconda create --name tpot2devenv -c conda-forge python=3.10\n': command not found
/cm/local/apps/slurm/var/spool/job417837/slurm_script: line 27: $'\npip install -r requirements.txt\n': command not found
RunStart
2023-11-28 16:06:36.077300: I tensorflow/core/util/port.cc:113] oneDNN custom operations are on. You may see slightly different numerical results due to floating-point round-off errors from different computation orders. To turn them off, set the environment variable `TF_ENABLE_ONEDNN_OPTS=0`.
2023-11-28 16:06:36.111826: E external/local_xla/xla/stream_executor/cuda/cuda_dnn.cc:9261] Unable to register cuDNN factory: Attempting to register factory for plugin cuDNN when one has already been registered
2023-11-28 16:06:36.111849: E external/local_xla/xla/stream_executor/cuda/cuda_fft.cc:607] Unable to register cuFFT factory: Attempting to register factory for plugin cuFFT when one has already been registered
2023-11-28 16:06:36.112988: E external/local_xla/xla/stream_executor/cuda/cuda_blas.cc:1515] Unable to register cuBLAS factory: Attempting to register factory for plugin cuBLAS when one has already been registered
2023-11-28 16:06:36.118521: I tensorflow/core/platform/cpu_feature_guard.cc:182] This TensorFlow binary is optimized to use available CPU instructions in performance-critical operations.
To enable the following instructions: AVX2 AVX512F AVX512_VNNI FMA, in other operations, rebuild TensorFlow with the appropriate compiler flags.
2023-11-28 16:06:37.625580: W tensorflow/compiler/tf2tensorrt/utils/py_utils.cc:38] TF-TRT Warning: Could not find TensorRT
WARNING:tensorflow:From /home/ketrong/miniconda3/envs/tpot2devenv/lib/python3.10/site-packages/tensorflow/python/compat/v2_compat.py:108: disable_resource_variables (from tensorflow.python.ops.variable_scope) is deprecated and will be removed in a future version.
Instructions for updating:
non-resource variables are not supported in the long term
start
working on 
tpot2_imputetest/Impute_Experiments/logs//small_run
loading data
tpot2_imputetest/Impute_Experiments/data/26_True.pkl
starting impute modules
running experiment 1/3 - Does large hyperparameter space improve reconstruction accuracy over simple
[I 2023-11-28 16:06:57,600] A new study created in memory with name: no-name-279a7a6e-4159-4051-a2cb-2916f2c9481b
[I 2023-11-28 16:06:57,612] Trial 0 finished with value: inf and parameters: {'model_name': 'GAIN', 'batch_size': 462, 'hint_rate': 0.86, 'alpha': 35, 'iterations': 373}. Best is trial 0 with value: inf.
[I 2023-11-28 16:06:57,827] Trial 1 finished with value: inf and parameters: {'model_name': 'GAIN', 'batch_size': 2, 'hint_rate': 0.9, 'alpha': 81, 'iterations': 3}. Best is trial 0 with value: inf.
[I 2023-11-28 16:06:57,983] Trial 2 finished with value: inf and parameters: {'model_name': 'GAIN', 'batch_size': 573, 'hint_rate': 0.18000000000000002, 'alpha': 17, 'iterations': 142}. Best is trial 0 with value: inf.
[I 2023-11-28 16:06:58,152] Trial 3 finished with value: inf and parameters: {'model_name': 'GAIN', 'batch_size': 511, 'hint_rate': 0.09999999999999999, 'alpha': 92, 'iterations': 3574}. Best is trial 0 with value: inf.
[I 2023-11-28 16:06:58,308] Trial 4 finished with value: inf and parameters: {'model_name': 'GAIN', 'batch_size': 3, 'hint_rate': 0.52, 'alpha': 1, 'iterations': 2}. Best is trial 0 with value: inf.
[I 2023-11-28 16:06:58,466] Trial 5 finished with value: inf and parameters: {'model_name': 'GAIN', 'batch_size': 304, 'hint_rate': 0.88, 'alpha': 42, 'iterations': 20768}. Best is trial 0 with value: inf.
[I 2023-11-28 16:06:58,618] Trial 6 finished with value: inf and parameters: {'model_name': 'GAIN', 'batch_size': 17, 'hint_rate': 0.41000000000000003, 'alpha': 99, 'iterations': 1}. Best is trial 0 with value: inf.
[I 2023-11-28 16:06:58,762] Trial 7 finished with value: inf and parameters: {'model_name': 'GAIN', 'batch_size': 1, 'hint_rate': 0.48000000000000004, 'alpha': 18, 'iterations': 615}. Best is trial 0 with value: inf.
[I 2023-11-28 16:06:58,913] Trial 8 finished with value: inf and parameters: {'model_name': 'GAIN', 'batch_size': 1, 'hint_rate': 0.13, 'alpha': 35, 'iterations': 19910}. Best is trial 0 with value: inf.
[I 2023-11-28 16:06:59,060] Trial 9 finished with value: inf and parameters: {'model_name': 'GAIN', 'batch_size': 3, 'hint_rate': 0.46, 'alpha': 48, 'iterations': 1}. Best is trial 0 with value: inf.
[I 2023-11-28 16:06:59,207] Trial 10 finished with value: inf and parameters: {'model_name': 'GAIN', 'batch_size': 8, 'hint_rate': 0.6900000000000001, 'alpha': 35, 'iterations': 7}. Best is trial 0 with value: inf.
[I 2023-11-28 16:06:59,353] Trial 11 finished with value: inf and parameters: {'model_name': 'GAIN', 'batch_size': 1, 'hint_rate': 0.64, 'alpha': 33, 'iterations': 1}. Best is trial 0 with value: inf.
[I 2023-11-28 16:06:59,510] Trial 53 finished with value: inf and parameters: {'model_name': 'GAIN', 'batch_size': 88, 'hint_rate': 0.9600000000000001, 'alpha': 73, 'iterations': 43}. Best is trial 0 with value: inf.
[I 2023-11-28 16:06:59,673] Trial 54 finished with value: inf and parameters: {'model_name': 'GAIN', 'batch_size': 64, 'hint_rate': 0.81, 'alpha': 64, 'iterations': 18}. Best is trial 0 with value: inf.
[I 2023-11-28 16:06:59,835] Trial 55 finished with value: inf and parameters: {'model_name': 'GAIN', 'batch_size': 939, 'hint_rate': 0.99, 'alpha': 68, 'iterations': 397}. Best is trial 0 with value: inf.
[I 2023-11-28 16:06:59,983] Trial 12 finished with value: inf and parameters: {'model_name': 'GAIN', 'batch_size': 8, 'hint_rate': 0.11, 'alpha': 63, 'iterations': 81}. Best is trial 0 with value: inf.
[I 2023-11-28 16:07:00,136] Trial 14 finished with value: inf and parameters: {'model_name': 'GAIN', 'batch_size': 32, 'hint_rate': 0.06999999999999999, 'alpha': 29, 'iterations': 73726}. Best is trial 0 with value: inf.
[I 2023-11-28 16:07:00,280] Trial 15 finished with value: inf and parameters: {'model_name': 'GAIN', 'batch_size': 4, 'hint_rate': 0.13, 'alpha': 13, 'iterations': 14}. Best is trial 0 with value: inf.
[I 2023-11-28 16:07:00,426] Trial 13 finished with value: inf and parameters: {'model_name': 'GAIN', 'batch_size': 269, 'hint_rate': 0.13, 'alpha': 80, 'iterations': 172}. Best is trial 0 with value: inf.
[I 2023-11-28 16:07:00,573] Trial 16 finished with value: inf and parameters: {'model_name': 'GAIN', 'batch_size': 62, 'hint_rate': 0.46, 'alpha': 5, 'iterations': 22784}. Best is trial 0 with value: inf.
[I 2023-11-28 16:07:00,739] Trial 17 finished with value: inf and parameters: {'model_name': 'GAIN', 'batch_size': 1, 'hint_rate': 0.17, 'alpha': 35, 'iterations': 42033}. Best is trial 0 with value: inf.
[I 2023-11-28 16:07:00,888] Trial 18 finished with value: inf and parameters: {'model_name': 'GAIN', 'batch_size': 26, 'hint_rate': 0.9500000000000001, 'alpha': 22, 'iterations': 1843}. Best is trial 0 with value: inf.
[I 2023-11-28 16:07:01,048] Trial 56 finished with value: inf and parameters: {'model_name': 'GAIN', 'batch_size': 147, 'hint_rate': 0.72, 'alpha': 54, 'iterations': 1078}. Best is trial 0 with value: inf.
[I 2023-11-28 16:07:01,199] Trial 57 finished with value: inf and parameters: {'model_name': 'GAIN', 'batch_size': 153, 'hint_rate': 0.76, 'alpha': 56, 'iterations': 960}. Best is trial 0 with value: inf.
[I 2023-11-28 16:07:01,344] Trial 19 finished with value: inf and parameters: {'model_name': 'GAIN', 'batch_size': 630, 'hint_rate': 0.76, 'alpha': 0, 'iterations': 60}. Best is trial 0 with value: inf.
[I 2023-11-28 16:07:01,492] Trial 20 finished with value: inf and parameters: {'model_name': 'GAIN', 'batch_size': 19, 'hint_rate': 0.52, 'alpha': 82, 'iterations': 1811}. Best is trial 0 with value: inf.
[I 2023-11-28 16:07:01,675] Trial 21 finished with value: inf and parameters: {'model_name': 'GAIN', 'batch_size': 18, 'hint_rate': 0.63, 'alpha': 90, 'iterations': 8}. Best is trial 0 with value: inf.
[I 2023-11-28 16:07:01,830] Trial 22 finished with value: inf and parameters: {'model_name': 'GAIN', 'batch_size': 60, 'hint_rate': 0.41000000000000003, 'alpha': 7, 'iterations': 6}. Best is trial 0 with value: inf.
[I 2023-11-28 16:07:01,992] Trial 23 finished with value: inf and parameters: {'model_name': 'GAIN', 'batch_size': 9, 'hint_rate': 0.37, 'alpha': 57, 'iterations': 3211}. Best is trial 0 with value: inf.
[I 2023-11-28 16:07:02,143] Trial 24 finished with value: inf and parameters: {'model_name': 'GAIN', 'batch_size': 188, 'hint_rate': 0.15000000000000002, 'alpha': 13, 'iterations': 2714}. Best is trial 0 with value: inf.
[I 2023-11-28 16:07:02,284] Trial 58 finished with value: inf and parameters: {'model_name': 'GAIN', 'batch_size': 651, 'hint_rate': 0.24000000000000002, 'alpha': 83, 'iterations': 125}. Best is trial 0 with value: inf.
[I 2023-11-28 16:07:02,426] Trial 59 finished with value: inf and parameters: {'model_name': 'GAIN', 'batch_size': 941, 'hint_rate': 0.32, 'alpha': 25, 'iterations': 191}. Best is trial 0 with value: inf.
[I 2023-11-28 16:07:02,599] Trial 26 finished with value: inf and parameters: {'model_name': 'GAIN', 'batch_size': 48, 'hint_rate': 0.25, 'alpha': 50, 'iterations': 19829}. Best is trial 0 with value: inf.
[I 2023-11-28 16:07:02,753] Trial 25 finished with value: inf and parameters: {'model_name': 'GAIN', 'batch_size': 1, 'hint_rate': 0.060000000000000005, 'alpha': 92, 'iterations': 43}. Best is trial 0 with value: inf.
[I 2023-11-28 16:07:02,904] Trial 60 finished with value: inf and parameters: {'model_name': 'GAIN', 'batch_size': 991, 'hint_rate': 0.27, 'alpha': 25, 'iterations': 194}. Best is trial 0 with value: inf.
[I 2023-11-28 16:07:03,052] Trial 61 finished with value: inf and parameters: {'model_name': 'GAIN', 'batch_size': 369, 'hint_rate': 0.89, 'alpha': 99, 'iterations': 365}. Best is trial 0 with value: inf.
[I 2023-11-28 16:07:03,224] Trial 27 finished with value: inf and parameters: {'model_name': 'GAIN', 'batch_size': 2, 'hint_rate': 0.16, 'alpha': 30, 'iterations': 28}. Best is trial 0 with value: inf.
[I 2023-11-28 16:07:03,376] Trial 62 finished with value: inf and parameters: {'model_name': 'GAIN', 'batch_size': 402, 'hint_rate': 0.02, 'alpha': 40, 'iterations': 2}. Best is trial 0 with value: inf.
[I 2023-11-28 16:07:03,520] Trial 28 finished with value: inf and parameters: {'model_name': 'GAIN', 'batch_size': 147, 'hint_rate': 0.75, 'alpha': 58, 'iterations': 4}. Best is trial 0 with value: inf.
[I 2023-11-28 16:07:03,681] Trial 33 finished with value: inf and parameters: {'model_name': 'GAIN', 'batch_size': 1, 'hint_rate': 0.05, 'alpha': 24, 'iterations': 89879}. Best is trial 0 with value: inf.
[I 2023-11-28 16:07:03,852] Trial 32 finished with value: inf and parameters: {'model_name': 'GAIN', 'batch_size': 243, 'hint_rate': 0.98, 'alpha': 58, 'iterations': 1721}. Best is trial 0 with value: inf.
[I 2023-11-28 16:07:04,000] Trial 29 finished with value: inf and parameters: {'model_name': 'GAIN', 'batch_size': 74, 'hint_rate': 0.3, 'alpha': 4, 'iterations': 32}. Best is trial 0 with value: inf.
[I 2023-11-28 16:07:04,160] Trial 31 finished with value: inf and parameters: {'model_name': 'GAIN', 'batch_size': 104, 'hint_rate': 0.32, 'alpha': 56, 'iterations': 2634}. Best is trial 0 with value: inf.
[I 2023-11-28 16:07:04,321] Trial 34 finished with value: inf and parameters: {'model_name': 'GAIN', 'batch_size': 13, 'hint_rate': 0.56, 'alpha': 67, 'iterations': 69}. Best is trial 0 with value: inf.
[I 2023-11-28 16:07:04,468] Trial 35 finished with value: inf and parameters: {'model_name': 'GAIN', 'batch_size': 48, 'hint_rate': 0.25, 'alpha': 53, 'iterations': 66380}. Best is trial 0 with value: inf.
[I 2023-11-28 16:07:04,468] Trial 30 finished with value: inf and parameters: {'model_name': 'GAIN', 'batch_size': 2, 'hint_rate': 0.9400000000000001, 'alpha': 16, 'iterations': 64284}. Best is trial 0 with value: inf.
[I 2023-11-28 16:07:04,773] Trial 36 finished with value: inf and parameters: {'model_name': 'GAIN', 'batch_size': 1, 'hint_rate': 1.0, 'alpha': 21, 'iterations': 10}. Best is trial 0 with value: inf.
[I 2023-11-28 16:07:04,946] Trial 39 finished with value: inf and parameters: {'model_name': 'GAIN', 'batch_size': 144, 'hint_rate': 0.65, 'alpha': 29, 'iterations': 1203}. Best is trial 0 with value: inf.
[I 2023-11-28 16:07:05,110] Trial 38 finished with value: inf and parameters: {'model_name': 'GAIN', 'batch_size': 5, 'hint_rate': 0.46, 'alpha': 2, 'iterations': 69930}. Best is trial 0 with value: inf.
[I 2023-11-28 16:07:05,258] Trial 41 finished with value: inf and parameters: {'model_name': 'GAIN', 'batch_size': 76, 'hint_rate': 0.93, 'alpha': 22, 'iterations': 3}. Best is trial 0 with value: inf.
[I 2023-11-28 16:07:05,259] Trial 42 finished with value: inf and parameters: {'model_name': 'GAIN', 'batch_size': 271, 'hint_rate': 0.01, 'alpha': 50, 'iterations': 6223}. Best is trial 0 with value: inf.
[I 2023-11-28 16:07:05,267] Trial 37 finished with value: inf and parameters: {'model_name': 'GAIN', 'batch_size': 4, 'hint_rate': 0.98, 'alpha': 21, 'iterations': 134}. Best is trial 0 with value: inf.
[I 2023-11-28 16:07:05,716] Trial 40 finished with value: inf and parameters: {'model_name': 'GAIN', 'batch_size': 5, 'hint_rate': 0.68, 'alpha': 96, 'iterations': 100}. Best is trial 0 with value: inf.
[I 2023-11-28 16:07:05,858] Trial 46 finished with value: inf and parameters: {'model_name': 'GAIN', 'batch_size': 1, 'hint_rate': 0.4, 'alpha': 56, 'iterations': 59}. Best is trial 0 with value: inf.
[I 2023-11-28 16:07:06,001] Trial 45 finished with value: inf and parameters: {'model_name': 'GAIN', 'batch_size': 6, 'hint_rate': 0.09999999999999999, 'alpha': 3, 'iterations': 1935}. Best is trial 0 with value: inf.
[I 2023-11-28 16:07:06,151] Trial 43 finished with value: inf and parameters: {'model_name': 'GAIN', 'batch_size': 36, 'hint_rate': 0.5700000000000001, 'alpha': 29, 'iterations': 18277}. Best is trial 0 with value: inf.
[I 2023-11-28 16:07:06,303] Trial 64 finished with value: inf and parameters: {'model_name': 'GAIN', 'batch_size': 435, 'hint_rate': 0.88, 'alpha': 42, 'iterations': 3}. Best is trial 0 with value: inf.
[I 2023-11-28 16:07:06,484] Trial 44 finished with value: inf and parameters: {'model_name': 'GAIN', 'batch_size': 398, 'hint_rate': 0.62, 'alpha': 35, 'iterations': 161}. Best is trial 0 with value: inf.
[I 2023-11-28 16:07:06,631] Trial 47 finished with value: inf and parameters: {'model_name': 'GAIN', 'batch_size': 93, 'hint_rate': 0.11, 'alpha': 60, 'iterations': 628}. Best is trial 0 with value: inf.
[I 2023-11-28 16:07:06,647] Trial 48 finished with value: inf and parameters: {'model_name': 'GAIN', 'batch_size': 433, 'hint_rate': 0.87, 'alpha': 97, 'iterations': 1841}. Best is trial 0 with value: inf.
[I 2023-11-28 16:07:06,808] Trial 65 finished with value: inf and parameters: {'model_name': 'GAIN', 'batch_size': 494, 'hint_rate': 0.86, 'alpha': 90, 'iterations': 5434}. Best is trial 0 with value: inf.
[I 2023-11-28 16:07:06,955] Trial 51 finished with value: inf and parameters: {'model_name': 'GAIN', 'batch_size': 708, 'hint_rate': 0.7000000000000001, 'alpha': 9, 'iterations': 80}. Best is trial 0 with value: inf.
[I 2023-11-28 16:07:07,270] Trial 50 finished with value: inf and parameters: {'model_name': 'GAIN', 'batch_size': 12, 'hint_rate': 0.13, 'alpha': 61, 'iterations': 115}. Best is trial 0 with value: inf.
[I 2023-11-28 16:07:07,428] Trial 49 finished with value: inf and parameters: {'model_name': 'GAIN', 'batch_size': 33, 'hint_rate': 0.64, 'alpha': 84, 'iterations': 19}. Best is trial 0 with value: inf.
[I 2023-11-28 16:07:07,569] Trial 52 finished with value: inf and parameters: {'model_name': 'GAIN', 'batch_size': 166, 'hint_rate': 0.17, 'alpha': 68, 'iterations': 4722}. Best is trial 0 with value: inf.
[I 2023-11-28 16:07:07,908] Trial 63 finished with value: inf and parameters: {'model_name': 'GAIN', 'batch_size': 345, 'hint_rate': 0.01, 'alpha': 41, 'iterations': 2}. Best is trial 0 with value: inf.
[I 2023-11-28 16:07:08,147] Trial 68 finished with value: inf and parameters: {'model_name': 'GAIN', 'batch_size': 410, 'hint_rate': 0.86, 'alpha': 93, 'iterations': 2}. Best is trial 0 with value: inf.
[I 2023-11-28 16:07:08,309] Trial 71 finished with value: inf and parameters: {'model_name': 'GAIN', 'batch_size': 435, 'hint_rate': 0.8300000000000001, 'alpha': 41, 'iterations': 1}. Best is trial 0 with value: inf.
[I 2023-11-28 16:07:08,545] Trial 70 finished with value: inf and parameters: {'model_name': 'GAIN', 'batch_size': 461, 'hint_rate': 0.56, 'alpha': 15, 'iterations': 1}. Best is trial 0 with value: inf.
[I 2023-11-28 16:07:08,706] Trial 79 finished with value: inf and parameters: {'model_name': 'GAIN', 'batch_size': 515, 'hint_rate': 0.8400000000000001, 'alpha': 42, 'iterations': 1}. Best is trial 0 with value: inf.
[I 2023-11-28 16:07:08,868] Trial 83 finished with value: inf and parameters: {'model_name': 'GAIN', 'batch_size': 543, 'hint_rate': 0.86, 'alpha': 11, 'iterations': 1}. Best is trial 0 with value: inf.
[I 2023-11-28 16:07:09,026] Trial 66 finished with value: inf and parameters: {'model_name': 'GAIN', 'batch_size': 258, 'hint_rate': 0.59, 'alpha': 46, 'iterations': 97}. Best is trial 0 with value: inf.
[I 2023-11-28 16:07:09,190] Trial 67 finished with value: inf and parameters: {'model_name': 'GAIN', 'batch_size': 258, 'hint_rate': 0.5800000000000001, 'alpha': 45, 'iterations': 88}. Best is trial 0 with value: inf.
[I 2023-11-28 16:07:09,399] Trial 74 finished with value: inf and parameters: {'model_name': 'GAIN', 'batch_size': 463, 'hint_rate': 0.8300000000000001, 'alpha': 41, 'iterations': 1}. Best is trial 0 with value: inf.
[I 2023-11-28 16:07:09,546] Trial 72 finished with value: inf and parameters: {'model_name': 'GAIN', 'batch_size': 367, 'hint_rate': 0.85, 'alpha': 42, 'iterations': 1}. Best is trial 0 with value: inf.
[I 2023-11-28 16:07:09,776] Trial 99 finished with value: inf and parameters: {'model_name': 'GAIN', 'batch_size': 303, 'hint_rate': 0.8200000000000001, 'alpha': 45, 'iterations': 1}. Best is trial 0 with value: inf.
[I 2023-11-28 16:07:09,988] Trial 82 finished with value: inf and parameters: {'model_name': 'GAIN', 'batch_size': 576, 'hint_rate': 0.81, 'alpha': 10, 'iterations': 1}. Best is trial 0 with value: inf.
[I 2023-11-28 16:07:10,151] Trial 75 finished with value: inf and parameters: {'model_name': 'GAIN', 'batch_size': 497, 'hint_rate': 0.85, 'alpha': 46, 'iterations': 1}. Best is trial 0 with value: inf.
[I 2023-11-28 16:07:10,297] Trial 80 finished with value: inf and parameters: {'model_name': 'GAIN', 'batch_size': 619, 'hint_rate': 0.8300000000000001, 'alpha': 87, 'iterations': 1}. Best is trial 0 with value: inf.
[I 2023-11-28 16:07:10,444] Trial 81 finished with value: inf and parameters: {'model_name': 'GAIN', 'batch_size': 636, 'hint_rate': 0.87, 'alpha': 9, 'iterations': 1}. Best is trial 0 with value: inf.
[I 2023-11-28 16:07:10,611] Trial 85 finished with value: inf and parameters: {'model_name': 'GAIN', 'batch_size': 741, 'hint_rate': 0.8200000000000001, 'alpha': 8, 'iterations': 1}. Best is trial 0 with value: inf.
[I 2023-11-28 16:07:10,799] Trial 97 finished with value: inf and parameters: {'model_name': 'GAIN', 'batch_size': 226, 'hint_rate': 0.81, 'alpha': 94, 'iterations': 1}. Best is trial 0 with value: inf.
[I 2023-11-28 16:07:10,964] Trial 91 finished with value: inf and parameters: {'model_name': 'GAIN', 'batch_size': 210, 'hint_rate': 0.81, 'alpha': 93, 'iterations': 1}. Best is trial 0 with value: inf.
[I 2023-11-28 16:07:11,108] Trial 77 finished with value: inf and parameters: {'model_name': 'GAIN', 'batch_size': 413, 'hint_rate': 0.8300000000000001, 'alpha': 46, 'iterations': 1}. Best is trial 0 with value: inf.
[I 2023-11-28 16:07:11,278] Trial 92 finished with value: inf and parameters: {'model_name': 'GAIN', 'batch_size': 319, 'hint_rate': 0.8200000000000001, 'alpha': 45, 'iterations': 1}. Best is trial 0 with value: inf.
[I 2023-11-28 16:07:11,428] Trial 76 finished with value: inf and parameters: {'model_name': 'GAIN', 'batch_size': 464, 'hint_rate': 0.8300000000000001, 'alpha': 41, 'iterations': 2}. Best is trial 0 with value: inf.
[I 2023-11-28 16:07:11,592] Trial 101 finished with value: inf and parameters: {'model_name': 'GAIN', 'batch_size': 587, 'hint_rate': 0.8, 'alpha': 41, 'iterations': 1}. Best is trial 0 with value: inf.
[I 2023-11-28 16:07:11,741] Trial 93 finished with value: inf and parameters: {'model_name': 'GAIN', 'batch_size': 209, 'hint_rate': 0.2, 'alpha': 45, 'iterations': 1}. Best is trial 0 with value: inf.
[I 2023-11-28 16:07:11,896] Trial 78 finished with value: inf and parameters: {'model_name': 'GAIN', 'batch_size': 490, 'hint_rate': 0.86, 'alpha': 42, 'iterations': 1}. Best is trial 0 with value: inf.
[I 2023-11-28 16:07:12,062] Trial 95 finished with value: inf and parameters: {'model_name': 'GAIN', 'batch_size': 271, 'hint_rate': 0.79, 'alpha': 44, 'iterations': 1}. Best is trial 0 with value: inf.
[I 2023-11-28 16:07:12,220] Trial 108 finished with value: inf and parameters: {'model_name': 'GAIN', 'batch_size': 297, 'hint_rate': 0.91, 'alpha': 46, 'iterations': 1}. Best is trial 0 with value: inf.
[I 2023-11-28 16:07:12,390] Trial 98 finished with value: inf and parameters: {'model_name': 'GAIN', 'batch_size': 323, 'hint_rate': 0.81, 'alpha': 11, 'iterations': 1}. Best is trial 0 with value: inf.
[I 2023-11-28 16:07:12,535] Trial 73 finished with value: inf and parameters: {'model_name': 'GAIN', 'batch_size': 464, 'hint_rate': 0.8200000000000001, 'alpha': 42, 'iterations': 1}. Best is trial 0 with value: inf.
