[I 2023-11-28 16:07:12,738] Trial 105 finished with value: inf and parameters: {'model_name': 'GAIN', 'batch_size': 270, 'hint_rate': 0.8300000000000001, 'alpha': 44, 'iterations': 1}. Best is trial 0 with value: inf.
[I 2023-11-28 16:07:12,900] Trial 69 finished with value: inf and parameters: {'model_name': 'GAIN', 'batch_size': 398, 'hint_rate': 0.54, 'alpha': 16, 'iterations': 1}. Best is trial 0 with value: inf.
[I 2023-11-28 16:07:13,102] Trial 106 finished with value: inf and parameters: {'model_name': 'GAIN', 'batch_size': 265, 'hint_rate': 0.81, 'alpha': 43, 'iterations': 1}. Best is trial 0 with value: inf.
[I 2023-11-28 16:07:13,255] Trial 102 finished with value: inf and parameters: {'model_name': 'GAIN', 'batch_size': 257, 'hint_rate': 0.8, 'alpha': 46, 'iterations': 1}. Best is trial 0 with value: inf.
[I 2023-11-28 16:07:13,418] Trial 107 finished with value: inf and parameters: {'model_name': 'GAIN', 'batch_size': 262, 'hint_rate': 0.81, 'alpha': 78, 'iterations': 1}. Best is trial 0 with value: inf.
[I 2023-11-28 16:07:13,578] Trial 104 finished with value: inf and parameters: {'model_name': 'GAIN', 'batch_size': 289, 'hint_rate': 0.81, 'alpha': 44, 'iterations': 1}. Best is trial 0 with value: inf.
[I 2023-11-28 16:07:13,732] Trial 109 finished with value: inf and parameters: {'model_name': 'GAIN', 'batch_size': 538, 'hint_rate': 0.8200000000000001, 'alpha': 87, 'iterations': 1}. Best is trial 0 with value: inf.
[I 2023-11-28 16:07:13,879] Trial 86 finished with value: inf and parameters: {'model_name': 'GAIN', 'batch_size': 290, 'hint_rate': 0.21000000000000002, 'alpha': 42, 'iterations': 1}. Best is trial 0 with value: inf.
[I 2023-11-28 16:07:14,035] Trial 84 finished with value: inf and parameters: {'model_name': 'GAIN', 'batch_size': 619, 'hint_rate': 0.8200000000000001, 'alpha': 9, 'iterations': 1}. Best is trial 0 with value: inf.
[I 2023-11-28 16:07:14,214] Trial 100 finished with value: inf and parameters: {'model_name': 'GAIN', 'batch_size': 264, 'hint_rate': 0.21000000000000002, 'alpha': 44, 'iterations': 1}. Best is trial 0 with value: inf.
[I 2023-11-28 16:07:14,411] Trial 87 finished with value: inf and parameters: {'model_name': 'GAIN', 'batch_size': 325, 'hint_rate': 0.2, 'alpha': 91, 'iterations': 1}. Best is trial 0 with value: inf.
[I 2023-11-28 16:07:14,610] Trial 88 finished with value: inf and parameters: {'model_name': 'GAIN', 'batch_size': 565, 'hint_rate': 0.22, 'alpha': 45, 'iterations': 1}. Best is trial 0 with value: inf.
[I 2023-11-28 16:07:14,776] Trial 118 finished with value: inf and parameters: {'model_name': 'GAIN', 'batch_size': 2, 'hint_rate': 0.5, 'alpha': 86, 'iterations': 6}. Best is trial 0 with value: inf.
[I 2023-11-28 16:07:14,950] Trial 119 finished with value: inf and parameters: {'model_name': 'GAIN', 'batch_size': 2, 'hint_rate': 0.51, 'alpha': 78, 'iterations': 6}. Best is trial 0 with value: inf.
[I 2023-11-28 16:07:15,144] Trial 103 finished with value: inf and parameters: {'model_name': 'GAIN', 'batch_size': 281, 'hint_rate': 0.2, 'alpha': 44, 'iterations': 1}. Best is trial 0 with value: inf.
[I 2023-11-28 16:07:15,309] Trial 96 finished with value: inf and parameters: {'model_name': 'GAIN', 'batch_size': 548, 'hint_rate': 0.2, 'alpha': 43, 'iterations': 1}. Best is trial 0 with value: inf.
[I 2023-11-28 16:07:15,501] Trial 114 finished with value: inf and parameters: {'model_name': 'GAIN', 'batch_size': 2, 'hint_rate': 0.21000000000000002, 'alpha': 18, 'iterations': 261}. Best is trial 0 with value: inf.
[I 2023-11-28 16:07:15,676] Trial 90 finished with value: inf and parameters: {'model_name': 'GAIN', 'batch_size': 297, 'hint_rate': 0.8300000000000001, 'alpha': 46, 'iterations': 1}. Best is trial 0 with value: inf.
[I 2023-11-28 16:07:15,846] Trial 110 finished with value: inf and parameters: {'model_name': 'GAIN', 'batch_size': 530, 'hint_rate': 0.8200000000000001, 'alpha': 88, 'iterations': 1}. Best is trial 0 with value: inf.
[I 2023-11-28 16:07:16,009] Trial 115 finished with value: inf and parameters: {'model_name': 'GAIN', 'batch_size': 2, 'hint_rate': 0.2, 'alpha': 37, 'iterations': 6}. Best is trial 0 with value: inf.
[I 2023-11-28 16:07:16,160] Trial 116 finished with value: inf and parameters: {'model_name': 'GAIN', 'batch_size': 19, 'hint_rate': 0.45, 'alpha': 86, 'iterations': 265}. Best is trial 0 with value: inf.
[I 2023-11-28 16:07:16,304] Trial 89 finished with value: inf and parameters: {'model_name': 'GAIN', 'batch_size': 566, 'hint_rate': 0.19, 'alpha': 45, 'iterations': 1}. Best is trial 0 with value: inf.
[I 2023-11-28 16:07:16,516] Trial 112 finished with value: inf and parameters: {'model_name': 'GAIN', 'batch_size': 291, 'hint_rate': 0.8, 'alpha': 46, 'iterations': 7}. Best is trial 0 with value: inf.
[I 2023-11-28 16:07:16,664] Trial 121 finished with value: inf and parameters: {'model_name': 'GAIN', 'batch_size': 2, 'hint_rate': 0.49, 'alpha': 35, 'iterations': 433}. Best is trial 0 with value: inf.
[I 2023-11-28 16:07:16,869] Trial 94 finished with value: inf and parameters: {'model_name': 'GAIN', 'batch_size': 567, 'hint_rate': 0.8, 'alpha': 45, 'iterations': 1}. Best is trial 0 with value: inf.
[I 2023-11-28 16:07:17,167] Trial 133 finished with value: inf and parameters: {'model_name': 'GAIN', 'batch_size': 3, 'hint_rate': 0.48000000000000004, 'alpha': 32, 'iterations': 12208}. Best is trial 0 with value: inf.
[I 2023-11-28 16:07:17,319] Trial 127 finished with value: inf and parameters: {'model_name': 'GAIN', 'batch_size': 2, 'hint_rate': 0.5, 'alpha': 37, 'iterations': 29359}. Best is trial 0 with value: inf.
[I 2023-11-28 16:07:17,491] Trial 117 finished with value: inf and parameters: {'model_name': 'GAIN', 'batch_size': 2, 'hint_rate': 0.49, 'alpha': 17, 'iterations': 6}. Best is trial 0 with value: inf.
[I 2023-11-28 16:07:17,668] Trial 113 finished with value: inf and parameters: {'model_name': 'GAIN', 'batch_size': 2, 'hint_rate': 0.52, 'alpha': 78, 'iterations': 6}. Best is trial 0 with value: inf.
[I 2023-11-28 16:07:17,871] Trial 143 finished with value: inf and parameters: {'model_name': 'GAIN', 'batch_size': 2, 'hint_rate': 0.48000000000000004, 'alpha': 32, 'iterations': 6}. Best is trial 0 with value: inf.
[I 2023-11-28 16:07:18,036] Trial 111 finished with value: inf and parameters: {'model_name': 'GAIN', 'batch_size': 279, 'hint_rate': 0.49, 'alpha': 10, 'iterations': 1}. Best is trial 0 with value: inf.
[I 2023-11-28 16:07:18,227] Trial 132 finished with value: inf and parameters: {'model_name': 'GAIN', 'batch_size': 2, 'hint_rate': 0.45, 'alpha': 38, 'iterations': 12430}. Best is trial 0 with value: inf.
[I 2023-11-28 16:07:18,396] Trial 144 finished with value: inf and parameters: {'model_name': 'GAIN', 'batch_size': 2, 'hint_rate': 0.48000000000000004, 'alpha': 33, 'iterations': 6}. Best is trial 0 with value: inf.
[I 2023-11-28 16:07:18,544] Trial 122 finished with value: inf and parameters: {'model_name': 'GAIN', 'batch_size': 2, 'hint_rate': 0.21000000000000002, 'alpha': 37, 'iterations': 12228}. Best is trial 0 with value: inf.
[I 2023-11-28 16:07:18,697] Trial 128 finished with value: inf and parameters: {'model_name': 'GAIN', 'batch_size': 2, 'hint_rate': 0.49, 'alpha': 33, 'iterations': 12129}. Best is trial 0 with value: inf.
[I 2023-11-28 16:07:18,869] Trial 137 finished with value: inf and parameters: {'model_name': 'GAIN', 'batch_size': 2, 'hint_rate': 0.5, 'alpha': 35, 'iterations': 6}. Best is trial 0 with value: inf.
[I 2023-11-28 16:07:19,042] Trial 141 finished with value: inf and parameters: {'model_name': 'GAIN', 'batch_size': 2, 'hint_rate': 0.47000000000000003, 'alpha': 32, 'iterations': 7}. Best is trial 0 with value: inf.
[I 2023-11-28 16:07:19,197] Trial 125 finished with value: inf and parameters: {'model_name': 'GAIN', 'batch_size': 2, 'hint_rate': 0.45, 'alpha': 32, 'iterations': 23995}. Best is trial 0 with value: inf.
[I 2023-11-28 16:07:19,401] Trial 152 finished with value: inf and parameters: {'model_name': 'GAIN', 'batch_size': 3, 'hint_rate': 0.46, 'alpha': 37, 'iterations': 13250}. Best is trial 0 with value: inf.
[I 2023-11-28 16:07:19,585] Trial 136 finished with value: inf and parameters: {'model_name': 'GAIN', 'batch_size': 3, 'hint_rate': 0.48000000000000004, 'alpha': 18, 'iterations': 31713}. Best is trial 0 with value: inf.
[I 2023-11-28 16:07:19,793] Trial 131 finished with value: inf and parameters: {'model_name': 'GAIN', 'batch_size': 2, 'hint_rate': 0.48000000000000004, 'alpha': 33, 'iterations': 10998}. Best is trial 0 with value: inf.
[I 2023-11-28 16:07:19,989] Trial 140 finished with value: inf and parameters: {'model_name': 'GAIN', 'batch_size': 2, 'hint_rate': 0.46, 'alpha': 32, 'iterations': 12068}. Best is trial 0 with value: inf.
[I 2023-11-28 16:07:20,143] Trial 149 finished with value: inf and parameters: {'model_name': 'GAIN', 'batch_size': 3, 'hint_rate': 0.44, 'alpha': 36, 'iterations': 26806}. Best is trial 0 with value: inf.
[I 2023-11-28 16:07:20,314] Trial 142 finished with value: inf and parameters: {'model_name': 'GAIN', 'batch_size': 2, 'hint_rate': 0.49, 'alpha': 36, 'iterations': 11834}. Best is trial 0 with value: inf.
[I 2023-11-28 16:07:20,457] Trial 157 finished with value: inf and parameters: {'model_name': 'GAIN', 'batch_size': 1, 'hint_rate': 0.09, 'alpha': 32, 'iterations': 15522}. Best is trial 0 with value: inf.
[I 2023-11-28 16:07:20,621] Trial 123 finished with value: inf and parameters: {'model_name': 'GAIN', 'batch_size': 2, 'hint_rate': 0.5, 'alpha': 77, 'iterations': 15907}. Best is trial 0 with value: inf.
[I 2023-11-28 16:07:20,768] Trial 120 finished with value: inf and parameters: {'model_name': 'GAIN', 'batch_size': 2, 'hint_rate': 0.49, 'alpha': 37, 'iterations': 13751}. Best is trial 0 with value: inf.
[I 2023-11-28 16:07:20,954] Trial 155 finished with value: inf and parameters: {'model_name': 'GAIN', 'batch_size': 27, 'hint_rate': 0.36000000000000004, 'alpha': 32, 'iterations': 15370}. Best is trial 0 with value: inf.
[I 2023-11-28 16:07:21,120] Trial 150 finished with value: inf and parameters: {'model_name': 'GAIN', 'batch_size': 19, 'hint_rate': 0.45, 'alpha': 36, 'iterations': 11928}. Best is trial 0 with value: inf.
[I 2023-11-28 16:07:21,270] Trial 134 finished with value: inf and parameters: {'model_name': 'GAIN', 'batch_size': 3, 'hint_rate': 0.5, 'alpha': 32, 'iterations': 13086}. Best is trial 0 with value: inf.
[I 2023-11-28 16:07:21,416] Trial 145 finished with value: inf and parameters: {'model_name': 'GAIN', 'batch_size': 2, 'hint_rate': 0.43, 'alpha': 37, 'iterations': 14293}. Best is trial 0 with value: inf.
[I 2023-11-28 16:07:21,622] Trial 162 finished with value: inf and parameters: {'model_name': 'GAIN', 'batch_size': 3, 'hint_rate': 0.41000000000000003, 'alpha': 31, 'iterations': 8980}. Best is trial 0 with value: inf.
[I 2023-11-28 16:07:21,770] Trial 139 finished with value: inf and parameters: {'model_name': 'GAIN', 'batch_size': 2, 'hint_rate': 0.49, 'alpha': 37, 'iterations': 10545}. Best is trial 0 with value: inf.
[I 2023-11-28 16:07:21,946] Trial 130 finished with value: inf and parameters: {'model_name': 'GAIN', 'batch_size': 2, 'hint_rate': 0.45, 'alpha': 38, 'iterations': 9893}. Best is trial 0 with value: inf.
[I 2023-11-28 16:07:22,091] Trial 124 finished with value: inf and parameters: {'model_name': 'GAIN', 'batch_size': 2, 'hint_rate': 0.48000000000000004, 'alpha': 33, 'iterations': 9033}. Best is trial 0 with value: inf.
[I 2023-11-28 16:07:22,260] Trial 126 finished with value: inf and parameters: {'model_name': 'GAIN', 'batch_size': 2, 'hint_rate': 0.5, 'alpha': 37, 'iterations': 8904}. Best is trial 0 with value: inf.
[I 2023-11-28 16:07:22,440] Trial 151 finished with value: inf and parameters: {'model_name': 'GAIN', 'batch_size': 3, 'hint_rate': 0.48000000000000004, 'alpha': 36, 'iterations': 12701}. Best is trial 0 with value: inf.
[I 2023-11-28 16:07:22,599] Trial 161 finished with value: inf and parameters: {'model_name': 'GAIN', 'batch_size': 1, 'hint_rate': 0.39, 'alpha': 32, 'iterations': 14762}. Best is trial 0 with value: inf.
[I 2023-11-28 16:07:22,790] Trial 129 finished with value: inf and parameters: {'model_name': 'GAIN', 'batch_size': 2, 'hint_rate': 0.53, 'alpha': 33, 'iterations': 12693}. Best is trial 0 with value: inf.
[I 2023-11-28 16:07:22,936] Trial 156 finished with value: inf and parameters: {'model_name': 'GAIN', 'batch_size': 3, 'hint_rate': 0.37, 'alpha': 32, 'iterations': 13386}. Best is trial 0 with value: inf.
[I 2023-11-28 16:07:23,085] Trial 146 finished with value: inf and parameters: {'model_name': 'GAIN', 'batch_size': 3, 'hint_rate': 0.45, 'alpha': 33, 'iterations': 268}. Best is trial 0 with value: inf.
[I 2023-11-28 16:07:23,238] Trial 138 finished with value: inf and parameters: {'model_name': 'GAIN', 'batch_size': 2, 'hint_rate': 0.49, 'alpha': 37, 'iterations': 10099}. Best is trial 0 with value: inf.
[I 2023-11-28 16:07:23,468] Trial 159 finished with value: inf and parameters: {'model_name': 'GAIN', 'batch_size': 3, 'hint_rate': 0.38, 'alpha': 33, 'iterations': 14444}. Best is trial 0 with value: inf.
[I 2023-11-28 16:07:23,621] Trial 158 finished with value: inf and parameters: {'model_name': 'GAIN', 'batch_size': 3, 'hint_rate': 0.08, 'alpha': 32, 'iterations': 17806}. Best is trial 0 with value: inf.
[I 2023-11-28 16:07:23,888] Trial 153 finished with value: inf and parameters: {'model_name': 'GAIN', 'batch_size': 3, 'hint_rate': 0.46, 'alpha': 37, 'iterations': 12001}. Best is trial 0 with value: inf.
[I 2023-11-28 16:07:24,034] Trial 164 finished with value: inf and parameters: {'model_name': 'GAIN', 'batch_size': 9, 'hint_rate': 0.41000000000000003, 'alpha': 100, 'iterations': 692}. Best is trial 0 with value: inf.
[I 2023-11-28 16:07:24,215] Trial 147 finished with value: inf and parameters: {'model_name': 'GAIN', 'batch_size': 3, 'hint_rate': 0.46, 'alpha': 34, 'iterations': 31059}. Best is trial 0 with value: inf.
[I 2023-11-28 16:07:24,426] Trial 135 finished with value: inf and parameters: {'model_name': 'GAIN', 'batch_size': 2, 'hint_rate': 0.45, 'alpha': 37, 'iterations': 11891}. Best is trial 0 with value: inf.
[I 2023-11-28 16:07:24,653] Trial 177 finished with value: inf and parameters: {'model_name': 'GAIN', 'batch_size': 9, 'hint_rate': 0.14, 'alpha': 64, 'iterations': 152}. Best is trial 0 with value: inf.
[I 2023-11-28 16:07:24,837] Trial 170 finished with value: inf and parameters: {'model_name': 'GAIN', 'batch_size': 13, 'hint_rate': 0.09, 'alpha': 27, 'iterations': 600}. Best is trial 0 with value: inf.
[I 2023-11-28 16:07:25,024] Trial 175 finished with value: inf and parameters: {'model_name': 'GAIN', 'batch_size': 8, 'hint_rate': 0.08, 'alpha': 50, 'iterations': 124}. Best is trial 0 with value: inf.
[I 2023-11-28 16:07:25,181] Trial 148 finished with value: inf and parameters: {'model_name': 'GAIN', 'batch_size': 24, 'hint_rate': 0.45, 'alpha': 34, 'iterations': 14636}. Best is trial 0 with value: inf.
[I 2023-11-28 16:07:25,338] Trial 182 finished with value: inf and parameters: {'model_name': 'GAIN', 'batch_size': 9, 'hint_rate': 0.14, 'alpha': 27, 'iterations': 140}. Best is trial 0 with value: inf.
[I 2023-11-28 16:07:25,517] Trial 168 finished with value: inf and parameters: {'model_name': 'GAIN', 'batch_size': 9, 'hint_rate': 0.08, 'alpha': 0, 'iterations': 170}. Best is trial 0 with value: inf.
[I 2023-11-28 16:07:25,709] Trial 160 finished with value: inf and parameters: {'model_name': 'GAIN', 'batch_size': 3, 'hint_rate': 0.37, 'alpha': 33, 'iterations': 16084}. Best is trial 0 with value: inf.
[I 2023-11-28 16:07:25,877] Trial 180 finished with value: inf and parameters: {'model_name': 'GAIN', 'batch_size': 9, 'hint_rate': 0.13, 'alpha': 99, 'iterations': 58704}. Best is trial 0 with value: inf.
[I 2023-11-28 16:07:26,056] Trial 165 finished with value: inf and parameters: {'model_name': 'GAIN', 'batch_size': 1, 'hint_rate': 0.09, 'alpha': 6, 'iterations': 57}. Best is trial 0 with value: inf.
[I 2023-11-28 16:07:26,202] Trial 167 finished with value: inf and parameters: {'model_name': 'GAIN', 'batch_size': 9, 'hint_rate': 0.06999999999999999, 'alpha': 27, 'iterations': 149}. Best is trial 0 with value: inf.
[I 2023-11-28 16:07:26,354] Trial 174 finished with value: inf and parameters: {'model_name': 'GAIN', 'batch_size': 9, 'hint_rate': 0.09999999999999999, 'alpha': 49, 'iterations': 141}. Best is trial 0 with value: inf.
[I 2023-11-28 16:07:26,541] Trial 173 finished with value: inf and parameters: {'model_name': 'GAIN', 'batch_size': 10, 'hint_rate': 0.09999999999999999, 'alpha': 6, 'iterations': 151}. Best is trial 0 with value: inf.
[I 2023-11-28 16:07:26,692] Trial 196 finished with value: inf and parameters: {'model_name': 'GAIN', 'batch_size': 9, 'hint_rate': 0.14, 'alpha': 27, 'iterations': 42731}. Best is trial 0 with value: inf.
[I 2023-11-28 16:07:26,870] Trial 187 finished with value: inf and parameters: {'model_name': 'GAIN', 'batch_size': 11, 'hint_rate': 0.14, 'alpha': 28, 'iterations': 62}. Best is trial 0 with value: inf.
[I 2023-11-28 16:07:27,033] Trial 183 finished with value: inf and parameters: {'model_name': 'GAIN', 'batch_size': 8, 'hint_rate': 0.13, 'alpha': 28, 'iterations': 59947}. Best is trial 0 with value: inf.
[I 2023-11-28 16:07:27,175] Trial 163 finished with value: inf and parameters: {'model_name': 'GAIN', 'batch_size': 1, 'hint_rate': 0.09, 'alpha': 32, 'iterations': 38511}. Best is trial 0 with value: inf.
[I 2023-11-28 16:07:27,318] Trial 181 finished with value: inf and parameters: {'model_name': 'GAIN', 'batch_size': 7, 'hint_rate': 0.14, 'alpha': 0, 'iterations': 50135}. Best is trial 0 with value: inf.
[I 2023-11-28 16:07:27,540] Trial 154 finished with value: inf and parameters: {'model_name': 'GAIN', 'batch_size': 25, 'hint_rate': 0.43, 'alpha': 33, 'iterations': 9435}. Best is trial 0 with value: inf.
[I 2023-11-28 16:07:27,688] Trial 169 finished with value: inf and parameters: {'model_name': 'GAIN', 'batch_size': 8, 'hint_rate': 0.08, 'alpha': 6, 'iterations': 147}. Best is trial 0 with value: inf.
[I 2023-11-28 16:07:27,831] Trial 194 finished with value: inf and parameters: {'model_name': 'GAIN', 'batch_size': 12, 'hint_rate': 0.14, 'alpha': 5, 'iterations': 143}. Best is trial 0 with value: inf.
[I 2023-11-28 16:07:27,997] Trial 179 finished with value: inf and parameters: {'model_name': 'GAIN', 'batch_size': 9, 'hint_rate': 0.06999999999999999, 'alpha': 27, 'iterations': 86319}. Best is trial 0 with value: inf.
[I 2023-11-28 16:07:28,146] Trial 189 finished with value: inf and parameters: {'model_name': 'GAIN', 'batch_size': 9, 'hint_rate': 0.13, 'alpha': 27, 'iterations': 94310}. Best is trial 0 with value: inf.
[I 2023-11-28 16:07:28,291] Trial 186 finished with value: inf and parameters: {'model_name': 'GAIN', 'batch_size': 11, 'hint_rate': 0.15000000000000002, 'alpha': 29, 'iterations': 52317}. Best is trial 0 with value: inf.
[I 2023-11-28 16:07:28,461] Trial 190 finished with value: inf and parameters: {'model_name': 'GAIN', 'batch_size': 8, 'hint_rate': 0.12, 'alpha': 28, 'iterations': 151}. Best is trial 0 with value: inf.
[I 2023-11-28 16:07:28,631] Trial 178 finished with value: inf and parameters: {'model_name': 'GAIN', 'batch_size': 11, 'hint_rate': 0.4, 'alpha': 100, 'iterations': 69}. Best is trial 0 with value: inf.
[I 2023-11-28 16:07:28,777] Trial 193 finished with value: inf and parameters: {'model_name': 'GAIN', 'batch_size': 11, 'hint_rate': 0.12, 'alpha': 27, 'iterations': 54373}. Best is trial 0 with value: inf.
[I 2023-11-28 16:07:28,929] Trial 171 finished with value: inf and parameters: {'model_name': 'GAIN', 'batch_size': 9, 'hint_rate': 0.09, 'alpha': 0, 'iterations': 173}. Best is trial 0 with value: inf.
[I 2023-11-28 16:07:29,088] Trial 191 finished with value: inf and parameters: {'model_name': 'GAIN', 'batch_size': 8, 'hint_rate': 0.14, 'alpha': 26, 'iterations': 42409}. Best is trial 0 with value: inf.
[I 2023-11-28 16:07:29,268] Trial 197 finished with value: inf and parameters: {'model_name': 'GAIN', 'batch_size': 11, 'hint_rate': 0.14, 'alpha': 6, 'iterations': 58863}. Best is trial 0 with value: inf.
[I 2023-11-28 16:07:29,419] Trial 198 finished with value: inf and parameters: {'model_name': 'GAIN', 'batch_size': 15, 'hint_rate': 0.14, 'alpha': 28, 'iterations': 120}. Best is trial 0 with value: inf.
[I 2023-11-28 16:07:29,596] Trial 176 finished with value: inf and parameters: {'model_name': 'GAIN', 'batch_size': 16, 'hint_rate': 0.14, 'alpha': 27, 'iterations': 167}. Best is trial 0 with value: inf.
[I 2023-11-28 16:07:29,743] Trial 166 finished with value: inf and parameters: {'model_name': 'GAIN', 'batch_size': 9, 'hint_rate': 0.09, 'alpha': 100, 'iterations': 774}. Best is trial 0 with value: inf.
[I 2023-11-28 16:07:29,900] Trial 184 finished with value: inf and parameters: {'model_name': 'GAIN', 'batch_size': 9, 'hint_rate': 0.15000000000000002, 'alpha': 28, 'iterations': 51795}. Best is trial 0 with value: inf.
[I 2023-11-28 16:07:30,059] Trial 172 finished with value: inf and parameters: {'model_name': 'GAIN', 'batch_size': 8, 'hint_rate': 0.08, 'alpha': 28, 'iterations': 132}. Best is trial 0 with value: inf.
[I 2023-11-28 16:07:30,219] Trial 188 finished with value: inf and parameters: {'model_name': 'GAIN', 'batch_size': 11, 'hint_rate': 0.13, 'alpha': 49, 'iterations': 130}. Best is trial 0 with value: inf.
[I 2023-11-28 16:07:30,364] Trial 185 finished with value: inf and parameters: {'model_name': 'GAIN', 'batch_size': 9, 'hint_rate': 0.13, 'alpha': 26, 'iterations': 158}. Best is trial 0 with value: inf.
[I 2023-11-28 16:07:30,527] Trial 195 finished with value: inf and parameters: {'model_name': 'GAIN', 'batch_size': 9, 'hint_rate': 0.060000000000000005, 'alpha': 29, 'iterations': 130}. Best is trial 0 with value: inf.
